<?xml version="1.0" encoding="UTF-8"?>
<!-- Generated by org.testng.reporters.JUnitXMLReporter -->
<testsuite ignored="0" hostname="DESKTOP-G4QHCGN" failures="1" tests="10" name="Default test" time="81.606" errors="0" timestamp="2025-05-07T17:04:34 EET">
  <testcase classname="FinalProjectAlmosaferWebSite.FinalProjectAlmosaferWebSite.AppTest" name="CheckWebSiteLanguage" time="0.0">
    <failure type="org.testng.TestNGException" message="
Cannot inject @Test annotated Method [CheckWebSiteLanguage] with [class java.lang.String].
For more information on native dependency injection please refer to https://testng.org/#_dependency_injection">
      <![CDATA[org.testng.TestNGException: 
Cannot inject @Test annotated Method [CheckWebSiteLanguage] with [class java.lang.String].
For more information on native dependency injection please refer to https://testng.org/#_dependency_injection
at org.testng.internal.Parameters.checkParameterTypes(Parameters.java:442)
at org.testng.internal.Parameters.createParametersForMethod(Parameters.java:347)
at org.testng.internal.Parameters.createParameters(Parameters.java:699)
at org.testng.internal.Parameters.handleParameters(Parameters.java:885)
at org.testng.internal.Parameters.handleParameters(Parameters.java:734)
at org.testng.internal.invokers.ParameterHandler.handleParameters(ParameterHandler.java:72)
at org.testng.internal.invokers.ParameterHandler.createParameters(ParameterHandler.java:51)
at org.testng.internal.invokers.TestInvoker$MethodInvocationAgent.invoke(TestInvoker.java:949)
at org.testng.internal.invokers.TestInvoker.invokeTestMethods(TestInvoker.java:203)
at org.testng.internal.invokers.TestMethodWorker.invokeTestMethods(TestMethodWorker.java:154)
at org.testng.internal.invokers.TestMethodWorker.run(TestMethodWorker.java:134)
at java.base/java.util.ArrayList.forEach(ArrayList.java:1596)
at org.testng.TestRunner.privateRun(TestRunner.java:741)
at org.testng.TestRunner.run(TestRunner.java:616)
at org.testng.SuiteRunner.runTest(SuiteRunner.java:421)
at org.testng.SuiteRunner.runSequentially(SuiteRunner.java:413)
at org.testng.SuiteRunner.privateRun(SuiteRunner.java:373)
at org.testng.SuiteRunner.run(SuiteRunner.java:312)
at org.testng.SuiteRunnerWorker.runSuite(SuiteRunnerWorker.java:52)
at org.testng.SuiteRunnerWorker.run(SuiteRunnerWorker.java:95)
at org.testng.TestNG.runSuitesSequentially(TestNG.java:1274)
at org.testng.TestNG.runSuitesLocally(TestNG.java:1208)
at org.testng.TestNG.runSuites(TestNG.java:1112)
at org.testng.TestNG.run(TestNG.java:1079)
at org.testng.remote.AbstractRemoteTestNG.run(AbstractRemoteTestNG.java:115)
at org.testng.remote.RemoteTestNG.initAndRun(RemoteTestNG.java:293)
at org.testng.remote.RemoteTestNG.main(RemoteTestNG.java:91)
]]>
    </failure>
  </testcase> <!-- CheckWebSiteLanguage -->
  <testcase classname="FinalProjectAlmosaferWebSite.FinalProjectAlmosaferWebSite.AppTest" name="CheckCurrency" time="0.06"/>
  <testcase classname="FinalProjectAlmosaferWebSite.FinalProjectAlmosaferWebSite.AppTest" name="CheckNumber" time="0.047"/>
  <testcase classname="FinalProjectAlmosaferWebSite.FinalProjectAlmosaferWebSite.AppTest" name="CheckQutafLogo" time="0.17"/>
  <testcase classname="FinalProjectAlmosaferWebSite.FinalProjectAlmosaferWebSite.AppTest" name="CheckHotelTabIsNotSelected" time="0.032"/>
  <testcase classname="FinalProjectAlmosaferWebSite.FinalProjectAlmosaferWebSite.AppTest" name="FlightDepatureDate" time="0.033"/>
  <testcase classname="FinalProjectAlmosaferWebSite.FinalProjectAlmosaferWebSite.AppTest" name="ReturnDepatureDate" time="0.026"/>
  <testcase classname="FinalProjectAlmosaferWebSite.FinalProjectAlmosaferWebSite.AppTest" name="ChangeTheWebSiteLanguage" time="1.505"/>
  <testcase classname="FinalProjectAlmosaferWebSite.FinalProjectAlmosaferWebSite.AppTest" name="RandomlySelectCities" time="63.235"/>
  <testcase classname="FinalProjectAlmosaferWebSite.FinalProjectAlmosaferWebSite.AppTest" name="CheckTheResultsIsretrived" time="10.163"/>
</testsuite> <!-- Default test -->
